#! /opt/homebrew/Cellar/icarus-verilog/12.0/bin/vvp
:ivl_version "12.0 (stable)";
:ivl_delay_selection "TYPICAL";
:vpi_time_precision - 12;
:vpi_module "/opt/homebrew/Cellar/icarus-verilog/12.0/lib/ivl/system.vpi";
:vpi_module "/opt/homebrew/Cellar/icarus-verilog/12.0/lib/ivl/vhdl_sys.vpi";
:vpi_module "/opt/homebrew/Cellar/icarus-verilog/12.0/lib/ivl/vhdl_textio.vpi";
:vpi_module "/opt/homebrew/Cellar/icarus-verilog/12.0/lib/ivl/v2005_math.vpi";
:vpi_module "/opt/homebrew/Cellar/icarus-verilog/12.0/lib/ivl/va_math.vpi";
S_0x14bf0d070 .scope module, "traffic_light_tb" "traffic_light_tb" 2 2;
 .timescale -9 -12;
v0x14bf25d00_0 .var "clk", 0 0;
v0x14bf25d90_0 .net "ew_light", 1 0, v0x14bf256d0_0;  1 drivers
v0x14bf25e20_0 .net "ns_light", 1 0, v0x14bf25800_0;  1 drivers
v0x14bf25ef0_0 .var "rst", 0 0;
v0x14bf25fa0_0 .net "sn_light", 1 0, v0x14bf25960_0;  1 drivers
v0x14bf26070_0 .net "we_light", 1 0, v0x14bf25b60_0;  1 drivers
S_0x14bf0d1e0 .scope module, "dut" "traffic_light_controller" 2 7, 3 1 0, S_0x14bf0d070;
 .timescale 0 0;
    .port_info 0 /INPUT 1 "clk";
    .port_info 1 /INPUT 1 "rst";
    .port_info 2 /OUTPUT 2 "ns_light";
    .port_info 3 /OUTPUT 2 "ew_light";
    .port_info 4 /OUTPUT 2 "sn_light";
    .port_info 5 /OUTPUT 2 "we_light";
P_0x14bf15e40 .param/l "EW_GREEN" 0 3 15, C4<010>;
P_0x14bf15e80 .param/l "EW_YELLOW" 0 3 16, C4<011>;
P_0x14bf15ec0 .param/l "GREEN" 0 3 10, C4<01>;
P_0x14bf15f00 .param/l "GREEN_TIME" 0 3 25, +C4<00000000000000000000000000001010>;
P_0x14bf15f40 .param/l "NS_GREEN" 0 3 13, C4<000>;
P_0x14bf15f80 .param/l "NS_YELLOW" 0 3 14, C4<001>;
P_0x14bf15fc0 .param/l "RED" 0 3 10, C4<00>;
P_0x14bf16000 .param/l "SN_GREEN" 0 3 17, C4<100>;
P_0x14bf16040 .param/l "SN_YELLOW" 0 3 18, C4<101>;
P_0x14bf16080 .param/l "WE_GREEN" 0 3 19, C4<110>;
P_0x14bf160c0 .param/l "WE_YELLOW" 0 3 20, C4<111>;
P_0x14bf16100 .param/l "YELLOW" 0 3 10, C4<10>;
P_0x14bf16140 .param/l "YELLOW_TIME" 0 3 26, +C4<00000000000000000000000000000011>;
v0x14bf07f30_0 .net "clk", 0 0, v0x14bf25d00_0;  1 drivers
v0x14bf256d0_0 .var "ew_light", 1 0;
v0x14bf25770_0 .var "next_state", 2 0;
v0x14bf25800_0 .var "ns_light", 1 0;
v0x14bf25890_0 .net "rst", 0 0, v0x14bf25ef0_0;  1 drivers
v0x14bf25960_0 .var "sn_light", 1 0;
v0x14bf25a00_0 .var "state", 2 0;
v0x14bf25ab0_0 .var "timer", 4 0;
v0x14bf25b60_0 .var "we_light", 1 0;
E_0x14bf06d50 .event anyedge, v0x14bf25a00_0;
E_0x14bf06f70 .event posedge, v0x14bf25890_0, v0x14bf07f30_0;
    .scope S_0x14bf0d1e0;
T_0 ;
    %wait E_0x14bf06f70;
    %load/vec4 v0x14bf25890_0;
    %flag_set/vec4 8;
    %jmp/0xz  T_0.0, 8;
    %pushi/vec4 0, 0, 3;
    %assign/vec4 v0x14bf25a00_0, 0;
    %pushi/vec4 10, 0, 5;
    %assign/vec4 v0x14bf25ab0_0, 0;
    %jmp T_0.1;
T_0.0 ;
    %load/vec4 v0x14bf25ab0_0;
    %pad/u 32;
    %cmpi/e 0, 0, 32;
    %jmp/0xz  T_0.2, 4;
    %load/vec4 v0x14bf25770_0;
    %assign/vec4 v0x14bf25a00_0, 0;
    %load/vec4 v0x14bf25770_0;
    %cmpi/e 1, 0, 3;
    %jmp/1 T_0.8, 4;
    %flag_mov 8, 4;
    %load/vec4 v0x14bf25770_0;
    %cmpi/e 3, 0, 3;
    %flag_or 4, 8;
T_0.8;
    %jmp/1 T_0.7, 4;
    %flag_mov 8, 4;
    %load/vec4 v0x14bf25770_0;
    %cmpi/e 5, 0, 3;
    %flag_or 4, 8;
T_0.7;
    %jmp/1 T_0.6, 4;
    %flag_mov 8, 4;
    %load/vec4 v0x14bf25770_0;
    %cmpi/e 7, 0, 3;
    %flag_or 4, 8;
T_0.6;
    %jmp/0xz  T_0.4, 4;
    %pushi/vec4 3, 0, 5;
    %assign/vec4 v0x14bf25ab0_0, 0;
    %jmp T_0.5;
T_0.4 ;
    %pushi/vec4 10, 0, 5;
    %assign/vec4 v0x14bf25ab0_0, 0;
T_0.5 ;
    %jmp T_0.3;
T_0.2 ;
    %load/vec4 v0x14bf25ab0_0;
    %subi 1, 0, 5;
    %assign/vec4 v0x14bf25ab0_0, 0;
T_0.3 ;
T_0.1 ;
    %jmp T_0;
    .thread T_0;
    .scope S_0x14bf0d1e0;
T_1 ;
    %wait E_0x14bf06d50;
    %load/vec4 v0x14bf25a00_0;
    %dup/vec4;
    %pushi/vec4 0, 0, 3;
    %cmp/u;
    %jmp/1 T_1.0, 6;
    %dup/vec4;
    %pushi/vec4 1, 0, 3;
    %cmp/u;
    %jmp/1 T_1.1, 6;
    %dup/vec4;
    %pushi/vec4 2, 0, 3;
    %cmp/u;
    %jmp/1 T_1.2, 6;
    %dup/vec4;
    %pushi/vec4 3, 0, 3;
    %cmp/u;
    %jmp/1 T_1.3, 6;
    %dup/vec4;
    %pushi/vec4 4, 0, 3;
    %cmp/u;
    %jmp/1 T_1.4, 6;
    %dup/vec4;
    %pushi/vec4 5, 0, 3;
    %cmp/u;
    %jmp/1 T_1.5, 6;
    %dup/vec4;
    %pushi/vec4 6, 0, 3;
    %cmp/u;
    %jmp/1 T_1.6, 6;
    %dup/vec4;
    %pushi/vec4 7, 0, 3;
    %cmp/u;
    %jmp/1 T_1.7, 6;
    %pushi/vec4 0, 0, 3;
    %store/vec4 v0x14bf25770_0, 0, 3;
    %jmp T_1.9;
T_1.0 ;
    %pushi/vec4 1, 0, 3;
    %store/vec4 v0x14bf25770_0, 0, 3;
    %jmp T_1.9;
T_1.1 ;
    %pushi/vec4 2, 0, 3;
    %store/vec4 v0x14bf25770_0, 0, 3;
    %jmp T_1.9;
T_1.2 ;
    %pushi/vec4 3, 0, 3;
    %store/vec4 v0x14bf25770_0, 0, 3;
    %jmp T_1.9;
T_1.3 ;
    %pushi/vec4 4, 0, 3;
    %store/vec4 v0x14bf25770_0, 0, 3;
    %jmp T_1.9;
T_1.4 ;
    %pushi/vec4 5, 0, 3;
    %store/vec4 v0x14bf25770_0, 0, 3;
    %jmp T_1.9;
T_1.5 ;
    %pushi/vec4 6, 0, 3;
    %store/vec4 v0x14bf25770_0, 0, 3;
    %jmp T_1.9;
T_1.6 ;
    %pushi/vec4 7, 0, 3;
    %store/vec4 v0x14bf25770_0, 0, 3;
    %jmp T_1.9;
T_1.7 ;
    %pushi/vec4 0, 0, 3;
    %store/vec4 v0x14bf25770_0, 0, 3;
    %jmp T_1.9;
T_1.9 ;
    %pop/vec4 1;
    %jmp T_1;
    .thread T_1, $push;
    .scope S_0x14bf0d1e0;
T_2 ;
    %wait E_0x14bf06d50;
    %pushi/vec4 0, 0, 2;
    %store/vec4 v0x14bf25800_0, 0, 2;
    %pushi/vec4 0, 0, 2;
    %store/vec4 v0x14bf256d0_0, 0, 2;
    %pushi/vec4 0, 0, 2;
    %store/vec4 v0x14bf25960_0, 0, 2;
    %pushi/vec4 0, 0, 2;
    %store/vec4 v0x14bf25b60_0, 0, 2;
    %load/vec4 v0x14bf25a00_0;
    %dup/vec4;
    %pushi/vec4 0, 0, 3;
    %cmp/u;
    %jmp/1 T_2.0, 6;
    %dup/vec4;
    %pushi/vec4 1, 0, 3;
    %cmp/u;
    %jmp/1 T_2.1, 6;
    %dup/vec4;
    %pushi/vec4 2, 0, 3;
    %cmp/u;
    %jmp/1 T_2.2, 6;
    %dup/vec4;
    %pushi/vec4 3, 0, 3;
    %cmp/u;
    %jmp/1 T_2.3, 6;
    %dup/vec4;
    %pushi/vec4 4, 0, 3;
    %cmp/u;
    %jmp/1 T_2.4, 6;
    %dup/vec4;
    %pushi/vec4 5, 0, 3;
    %cmp/u;
    %jmp/1 T_2.5, 6;
    %dup/vec4;
    %pushi/vec4 6, 0, 3;
    %cmp/u;
    %jmp/1 T_2.6, 6;
    %dup/vec4;
    %pushi/vec4 7, 0, 3;
    %cmp/u;
    %jmp/1 T_2.7, 6;
    %jmp T_2.8;
T_2.0 ;
    %pushi/vec4 1, 0, 2;
    %store/vec4 v0x14bf25800_0, 0, 2;
    %jmp T_2.8;
T_2.1 ;
    %pushi/vec4 2, 0, 2;
    %store/vec4 v0x14bf25800_0, 0, 2;
    %jmp T_2.8;
T_2.2 ;
    %pushi/vec4 1, 0, 2;
    %store/vec4 v0x14bf256d0_0, 0, 2;
    %jmp T_2.8;
T_2.3 ;
    %pushi/vec4 2, 0, 2;
    %store/vec4 v0x14bf256d0_0, 0, 2;
    %jmp T_2.8;
T_2.4 ;
    %pushi/vec4 1, 0, 2;
    %store/vec4 v0x14bf25960_0, 0, 2;
    %jmp T_2.8;
T_2.5 ;
    %pushi/vec4 2, 0, 2;
    %store/vec4 v0x14bf25960_0, 0, 2;
    %jmp T_2.8;
T_2.6 ;
    %pushi/vec4 1, 0, 2;
    %store/vec4 v0x14bf25b60_0, 0, 2;
    %jmp T_2.8;
T_2.7 ;
    %pushi/vec4 2, 0, 2;
    %store/vec4 v0x14bf25b60_0, 0, 2;
    %jmp T_2.8;
T_2.8 ;
    %pop/vec4 1;
    %jmp T_2;
    .thread T_2, $push;
    .scope S_0x14bf0d070;
T_3 ;
    %pushi/vec4 0, 0, 1;
    %store/vec4 v0x14bf25d00_0, 0, 1;
    %end;
    .thread T_3;
    .scope S_0x14bf0d070;
T_4 ;
    %delay 5000, 0;
    %load/vec4 v0x14bf25d00_0;
    %inv;
    %store/vec4 v0x14bf25d00_0, 0, 1;
    %jmp T_4;
    .thread T_4;
    .scope S_0x14bf0d070;
T_5 ;
    %vpi_call 2 19 "$dumpfile", "dump.vcd" {0 0 0};
    %vpi_call 2 20 "$dumpvars", 32'sb00000000000000000000000000000000, S_0x14bf0d070 {0 0 0};
    %pushi/vec4 1, 0, 1;
    %store/vec4 v0x14bf25ef0_0, 0, 1;
    %delay 20000, 0;
    %pushi/vec4 0, 0, 1;
    %store/vec4 v0x14bf25ef0_0, 0, 1;
    %delay 1000000, 0;
    %vpi_call 2 26 "$finish" {0 0 0};
    %end;
    .thread T_5;
# The file index is used to find the file name in the following table.
:file_names 4;
    "N/A";
    "<interactive>";
    "traffic_light_tb.v";
    "traffic_light_controller.v";
